Using pre-set license
Built from '2020.3/staging' branch; Version is '2020.3.21f1 (a38c86f6690f) revision 10718342'; Using compiler version '192528614'; Build Type 'Release'
OS: 'Windows 10 Home Single Language; OS build 19042.1348; Version 2009; 64bit' Language: 'tr' Physical Memory: 12188 MB
BatchMode: 1, IsHumanControllingUs: 0, StartBugReporterOnCrash: 0, Is64bit: 1, IsPro: 0

COMMAND LINE ARGUMENTS:
C:\Users\mylls\Desktop\CreateWithCode\2020.3.21f1\Editor\Unity.exe
-adb2
-batchMode
-noUpm
-name
AssetImportWorker4
-projectPath
C:/Users/mylls/Desktop/GameOGraph/3dRunner/3DRunner
-logFile
Logs/AssetImportWorker4.log
-srvPort
49474
Successfully changed project path to: C:/Users/mylls/Desktop/GameOGraph/3dRunner/3DRunner
C:/Users/mylls/Desktop/GameOGraph/3dRunner/3DRunner
Using Asset Import Pipeline V2.
Refreshing native plugins compatible for Editor in 79.18 ms, found 2 plugins.
Preloading 0 native plugins for Editor in 0.00 ms.
Initialize engine version: 2020.3.21f1 (a38c86f6690f)
[Subsystems] Discovering subsystems at path C:/Users/mylls/Desktop/CreateWithCode/2020.3.21f1/Editor/Data/Resources/UnitySubsystems
[Subsystems] Discovering subsystems at path C:/Users/mylls/Desktop/GameOGraph/3dRunner/3DRunner/Assets
GfxDevice: creating device client; threaded=0
Direct3D:
    Version:  Direct3D 11.0 [level 11.0]
    Renderer: NVIDIA GeForce GTX 950M (ID=0x139a)
    Vendor:   
    VRAM:     4055 MB
    Driver:   27.21.14.5709
Initialize mono
Mono path[0] = 'C:/Users/mylls/Desktop/CreateWithCode/2020.3.21f1/Editor/Data/Managed'
Mono path[1] = 'C:/Users/mylls/Desktop/CreateWithCode/2020.3.21f1/Editor/Data/MonoBleedingEdge/lib/mono/unityjit'
Mono config path = 'C:/Users/mylls/Desktop/CreateWithCode/2020.3.21f1/Editor/Data/MonoBleedingEdge/etc'
Using monoOptions --debugger-agent=transport=dt_socket,embedding=1,server=y,suspend=n,address=127.0.0.1:56792
Begin MonoManager ReloadAssembly
Registering precompiled unity dll's ...
Register platform support module: C:/Users/mylls/Desktop/CreateWithCode/2020.3.21f1/Editor/Data/PlaybackEngines/WebGLSupport/UnityEditor.WebGL.Extensions.dll
Register platform support module: C:/Users/mylls/Desktop/CreateWithCode/2020.3.21f1/Editor/Data/PlaybackEngines/WindowsStandaloneSupport/UnityEditor.WindowsStandalone.Extensions.dll
Registered in 0.004095 seconds.
Native extension for WindowsStandalone target not found
Native extension for WebGL target not found
Refreshing native plugins compatible for Editor in 74.25 ms, found 2 plugins.
Preloading 0 native plugins for Editor in 0.00 ms.
Mono: successfully reloaded assembly
- Completed reload, in  2.539 seconds
Domain Reload Profiling:
	ReloadAssembly (2540ms)
		BeginReloadAssembly (62ms)
			ExecutionOrderSort (0ms)
			DisableScriptedObjects (0ms)
			BackupInstance (0ms)
			ReleaseScriptingObjects (0ms)
			CreateAndSetChildDomain (1ms)
		EndReloadAssembly (602ms)
			LoadAssemblies (59ms)
			RebuildTransferFunctionScriptingTraits (0ms)
			SetupTypeCache (203ms)
			ReleaseScriptCaches (0ms)
			RebuildScriptCaches (38ms)
			SetupLoadedEditorAssemblies (221ms)
				LogAssemblyErrors (0ms)
				InitializePlatformSupportModulesInManaged (5ms)
				SetLoadedEditorAssemblies (0ms)
				RefreshPlugins (74ms)
				BeforeProcessingInitializeOnLoad (17ms)
				ProcessInitializeOnLoadAttributes (91ms)
				ProcessInitializeOnLoadMethodAttributes (33ms)
				AfterProcessingInitializeOnLoad (0ms)
				EditorAssembliesLoaded (0ms)
			ExecutionOrderSort2 (0ms)
			AwakeInstancesAfterBackupRestoration (0ms)
Platform modules already initialized, skipping
Registering precompiled user dll's ...
Registered in 0.005565 seconds.
Begin MonoManager ReloadAssembly
Native extension for WindowsStandalone target not found
Native extension for WebGL target not found
Refreshing native plugins compatible for Editor in 0.74 ms, found 2 plugins.
Preloading 0 native plugins for Editor in 0.00 ms.
Mono: successfully reloaded assembly
- Completed reload, in  1.908 seconds
Domain Reload Profiling:
	ReloadAssembly (1913ms)
		BeginReloadAssembly (167ms)
			ExecutionOrderSort (0ms)
			DisableScriptedObjects (5ms)
			BackupInstance (0ms)
			ReleaseScriptingObjects (0ms)
			CreateAndSetChildDomain (28ms)
		EndReloadAssembly (1672ms)
			LoadAssemblies (96ms)
			RebuildTransferFunctionScriptingTraits (0ms)
			SetupTypeCache (369ms)
			ReleaseScriptCaches (0ms)
			RebuildScriptCaches (49ms)
			SetupLoadedEditorAssemblies (1047ms)
				LogAssemblyErrors (0ms)
				InitializePlatformSupportModulesInManaged (7ms)
				SetLoadedEditorAssemblies (0ms)
				RefreshPlugins (1ms)
				BeforeProcessingInitializeOnLoad (87ms)
				ProcessInitializeOnLoadAttributes (256ms)
				ProcessInitializeOnLoadMethodAttributes (687ms)
				AfterProcessingInitializeOnLoad (8ms)
				EditorAssembliesLoaded (0ms)
			ExecutionOrderSort2 (0ms)
			AwakeInstancesAfterBackupRestoration (7ms)
Platform modules already initialized, skipping
========================================================================
Worker process is ready to serve import requests
Launched and connected shader compiler UnityShaderCompiler.exe after 0.38 seconds
Refreshing native plugins compatible for Editor in 0.71 ms, found 2 plugins.
Preloading 0 native plugins for Editor in 0.00 ms.
Unloading 1488 Unused Serialized files (Serialized files now loaded: 0)
System memory in use before: 70.7 MB.
System memory in use after: 70.8 MB.

Unloading 19 unused Assets to reduce memory usage. Loaded Objects now: 1920.
Total: 3.988900 ms (FindLiveObjects: 0.176700 ms CreateObjectMapping: 0.047100 ms MarkObjects: 3.661200 ms  DeleteObjects: 0.102800 ms)

AssetImportParameters requested are different than current active one (requested -> active):
  custom:framework-win-MediaFoundation: 216162199b28c13a410421893ffa2e32 -> 
  custom:video-decoder-ogg-theora: a1e56fd34408186e4bbccfd4996cb3dc -> 
  custom:container-muxer-webm: aa71ff27fc2769a1b78a27578f13a17b -> 
  custom:container-demuxer-webm: 4f35f7cbe854078d1ac9338744f61a02 -> 
  custom:container-demuxer-ogg: 62fdf1f143b41e24485cea50d1cbac27 -> 
  custom:video-encoder-webm-vp8: eb34c28f22e8b96e1ab97ce403110664 -> 
  custom:video-decoder-webm-vp8: 9c59270c3fd7afecdb556c50c9e8de78 -> 
  custom:audio-decoder-ogg-vorbis: bf7c407c2cedff20999df2af8eb42d56 -> 
  custom:audio-encoder-webm-vorbis: bf7c407c2cedff20999df2af8eb42d56 -> 
========================================================================
Received Import Request.
  path: Assets/Cartoon_Texture_Pack/WOOD/WOOD_Plain
  artifactKey: Guid(f7e35fe3db7b02245ba9f5353567f6cb) Importer(815301076,1909f56bfc062723c751e8b465ee728b)
Start importing Assets/Cartoon_Texture_Pack/WOOD/WOOD_Plain using Guid(f7e35fe3db7b02245ba9f5353567f6cb) Importer(815301076,1909f56bfc062723c751e8b465ee728b)  -> (artifact id: '9fb5d5b51b6c76c5aabacb2dd83d3c3a') in 0.053706 seconds 
  Import took 0.058069 seconds .

========================================================================
Received Import Request.
  Time since last request: 0.000251 seconds.
  path: Assets/Cartoon_Texture_Pack/WALLS/WALL_Bricks
  artifactKey: Guid(014fa308bef7f344f99c7e498f773332) Importer(815301076,1909f56bfc062723c751e8b465ee728b)
Start importing Assets/Cartoon_Texture_Pack/WALLS/WALL_Bricks using Guid(014fa308bef7f344f99c7e498f773332) Importer(815301076,1909f56bfc062723c751e8b465ee728b)  -> (artifact id: '7df0034f27e955f85c17830fe2726549') in 0.011780 seconds 
  Import took 0.015592 seconds .

========================================================================
Received Import Request.
  Time since last request: 0.000275 seconds.
  path: Assets/Cartoon_Texture_Pack/DIRT/Dirt_Path/Materials/Dirt_Path.mat
  artifactKey: Guid(1cef938def0b527469f8ef0720c534dc) Importer(815301076,1909f56bfc062723c751e8b465ee728b)
Start importing Assets/Cartoon_Texture_Pack/DIRT/Dirt_Path/Materials/Dirt_Path.mat using Guid(1cef938def0b527469f8ef0720c534dc) Importer(815301076,1909f56bfc062723c751e8b465ee728b)  -> (artifact id: '134669410d033628431026e33a06a172') in 0.604815 seconds 
  Import took 0.608447 seconds .

========================================================================
Received Import Request.
  Time since last request: 0.000344 seconds.
  path: Assets/Cartoon_Texture_Pack/WOOD/WOOD_Planks/Materials
  artifactKey: Guid(631c2027e9c49fe47b872278e831b4a4) Importer(815301076,1909f56bfc062723c751e8b465ee728b)
Start importing Assets/Cartoon_Texture_Pack/WOOD/WOOD_Planks/Materials using Guid(631c2027e9c49fe47b872278e831b4a4) Importer(815301076,1909f56bfc062723c751e8b465ee728b)  -> (artifact id: '6dc88c072c3fa3f148ab3636285ffe4f') in 0.006222 seconds 
  Import took 0.008925 seconds .

========================================================================
Received Import Request.
  Time since last request: 0.000336 seconds.
  path: Assets/Cartoon_Texture_Pack/DIRT/Dirt_Path/Textures/Dirt_Path_Basecolor.png
  artifactKey: Guid(c2e975e8a074dff45aee75e580a54344) Importer(815301076,1909f56bfc062723c751e8b465ee728b)
Start importing Assets/Cartoon_Texture_Pack/DIRT/Dirt_Path/Textures/Dirt_Path_Basecolor.png using Guid(c2e975e8a074dff45aee75e580a54344) Importer(815301076,1909f56bfc062723c751e8b465ee728b)  -> (artifact id: '16211a44028e953a380872e848fa6dc0') in 0.301021 seconds 
  Import took 0.303776 seconds .

========================================================================
Received Import Request.
  Time since last request: 0.000322 seconds.
  path: Assets/Cartoon_Texture_Pack/DIRT/Dirt_Path/Textures/Dirt_Path_AO.png
  artifactKey: Guid(0fd2da29303ebcb4cb50ad1cccf7f097) Importer(815301076,1909f56bfc062723c751e8b465ee728b)
Start importing Assets/Cartoon_Texture_Pack/DIRT/Dirt_Path/Textures/Dirt_Path_AO.png using Guid(0fd2da29303ebcb4cb50ad1cccf7f097) Importer(815301076,1909f56bfc062723c751e8b465ee728b)  -> (artifact id: '17b669a8cc10a9ba9e0e2ad3f0c642e1') in 0.018726 seconds 
  Import took 0.021497 seconds .

========================================================================
Received Import Request.
  Time since last request: 0.000334 seconds.
  path: Assets/Cartoon_Texture_Pack/DIRT/Dirt_Path/Textures/Dirt_Path_Height.png
  artifactKey: Guid(97df09d6b5a195f438ae4c5dba98341b) Importer(815301076,1909f56bfc062723c751e8b465ee728b)
Start importing Assets/Cartoon_Texture_Pack/DIRT/Dirt_Path/Textures/Dirt_Path_Height.png using Guid(97df09d6b5a195f438ae4c5dba98341b) Importer(815301076,1909f56bfc062723c751e8b465ee728b)  -> (artifact id: '530925edbcb8d4df7cc406970d8929c9') in 0.063306 seconds 
  Import took 0.073520 seconds .

========================================================================
Received Import Request.
  Time since last request: 0.000334 seconds.
  path: Assets/Cartoon_Texture_Pack/_MaterialLibrary
  artifactKey: Guid(2b8bd8c8da4456646b1cb81a54a6ffdb) Importer(815301076,1909f56bfc062723c751e8b465ee728b)
Start importing Assets/Cartoon_Texture_Pack/_MaterialLibrary using Guid(2b8bd8c8da4456646b1cb81a54a6ffdb) Importer(815301076,1909f56bfc062723c751e8b465ee728b)  -> (artifact id: '3519602d39b44127bbe3970f33e4b933') in 0.007763 seconds 
  Import took 0.010367 seconds .

========================================================================
Received Import Request.
  Time since last request: 0.000320 seconds.
  path: Assets/Cartoon_Texture_Pack/DIRT/Dirt_Path
  artifactKey: Guid(3479073fd31da6b459dca8b36ea501ac) Importer(815301076,1909f56bfc062723c751e8b465ee728b)
Start importing Assets/Cartoon_Texture_Pack/DIRT/Dirt_Path using Guid(3479073fd31da6b459dca8b36ea501ac) Importer(815301076,1909f56bfc062723c751e8b465ee728b)  -> (artifact id: '05fcd0162a3dee6f5b7bf6fa914928c2') in 0.002490 seconds 
  Import took 0.005443 seconds .

========================================================================
Received Import Request.
  Time since last request: 0.000244 seconds.
  path: Assets/Cartoon_Texture_Pack/GRASS/GRASS_Dense/GRASS_Dense_Tint_01/Materials
  artifactKey: Guid(5d681353adac0074aa6e17cfb6fec5dd) Importer(815301076,1909f56bfc062723c751e8b465ee728b)
Start importing Assets/Cartoon_Texture_Pack/GRASS/GRASS_Dense/GRASS_Dense_Tint_01/Materials using Guid(5d681353adac0074aa6e17cfb6fec5dd) Importer(815301076,1909f56bfc062723c751e8b465ee728b)  -> (artifact id: 'ee6fff44d9d42d12d5e54f61d2f85bed') in 0.003453 seconds 
  Import took 0.008392 seconds .

========================================================================
Received Import Request.
  Time since last request: 0.000333 seconds.
  path: Assets/Cartoon_Texture_Pack/GRASS/GRASS_Dense/GRASS_Dense_Tint_01/Materials/Grass_Dense_Tint_01_Leaves_B.mat
  artifactKey: Guid(1840c20d50626ce4ab8618ff839493c5) Importer(815301076,1909f56bfc062723c751e8b465ee728b)
Start importing Assets/Cartoon_Texture_Pack/GRASS/GRASS_Dense/GRASS_Dense_Tint_01/Materials/Grass_Dense_Tint_01_Leaves_B.mat using Guid(1840c20d50626ce4ab8618ff839493c5) Importer(815301076,1909f56bfc062723c751e8b465ee728b)  -> (artifact id: 'baad74d032b98d9905f99b31a83d71f0') in 0.045551 seconds 
  Import took 0.050384 seconds .

========================================================================
Received Import Request.
  Time since last request: 0.000260 seconds.
  path: Assets/Cartoon_Texture_Pack/GRASS/GRASS_Dense/GRASS_Dense_Tint_01
  artifactKey: Guid(1eca2105b44efc5478cc82a1176c4e58) Importer(815301076,1909f56bfc062723c751e8b465ee728b)
Start importing Assets/Cartoon_Texture_Pack/GRASS/GRASS_Dense/GRASS_Dense_Tint_01 using Guid(1eca2105b44efc5478cc82a1176c4e58) Importer(815301076,1909f56bfc062723c751e8b465ee728b)  -> (artifact id: '316f33fa603aef04597e124f169e0a07') in 0.006827 seconds 
  Import took 0.011678 seconds .

========================================================================
Received Import Request.
  Time since last request: 0.000216 seconds.
  path: Assets/Cartoon_Texture_Pack/WOOD/WOOD_Plain/Materials/Wood_Plain_B.mat
  artifactKey: Guid(ca5f9003d85586d4d96ea25bf9f6bb44) Importer(815301076,1909f56bfc062723c751e8b465ee728b)
Start importing Assets/Cartoon_Texture_Pack/WOOD/WOOD_Plain/Materials/Wood_Plain_B.mat using Guid(ca5f9003d85586d4d96ea25bf9f6bb44) Importer(815301076,1909f56bfc062723c751e8b465ee728b)  -> (artifact id: '3b07f07744aae004b0415fbdabea91cc') in 0.065430 seconds 
  Import took 0.070610 seconds .

========================================================================
Received Import Request.
  Time since last request: 0.000406 seconds.
  path: Assets/Cartoon_Texture_Pack/WOOD/WOOD_Planks/Materials/Wood_Planks_A.mat
  artifactKey: Guid(a46ddefb78a484643af07aed081bf055) Importer(815301076,1909f56bfc062723c751e8b465ee728b)
Start importing Assets/Cartoon_Texture_Pack/WOOD/WOOD_Planks/Materials/Wood_Planks_A.mat using Guid(a46ddefb78a484643af07aed081bf055) Importer(815301076,1909f56bfc062723c751e8b465ee728b)  -> (artifact id: '81435b7ce1a8432269df3764ffbde33c') in 0.053038 seconds 
  Import took 0.057413 seconds .

========================================================================
Received Import Request.
  Time since last request: 0.000217 seconds.
  path: Assets/Cartoon_Texture_Pack/ROOF/ROOF_Hay/Materials/Roof_Hay.mat
  artifactKey: Guid(53fea407df5fd294393652dc76882d5e) Importer(815301076,1909f56bfc062723c751e8b465ee728b)
Start importing Assets/Cartoon_Texture_Pack/ROOF/ROOF_Hay/Materials/Roof_Hay.mat using Guid(53fea407df5fd294393652dc76882d5e) Importer(815301076,1909f56bfc062723c751e8b465ee728b)  -> (artifact id: '40baef7ef758ddea0422a6cb8c95fb9d') in 0.044704 seconds 
  Import took 0.048542 seconds .

========================================================================
Received Import Request.
  Time since last request: 0.000249 seconds.
  path: Assets/Cartoon_Texture_Pack/WALLS/WALL_Bricks/Textures
  artifactKey: Guid(f91e7973659c60f47b0e2868555a95e8) Importer(815301076,1909f56bfc062723c751e8b465ee728b)
Start importing Assets/Cartoon_Texture_Pack/WALLS/WALL_Bricks/Textures using Guid(f91e7973659c60f47b0e2868555a95e8) Importer(815301076,1909f56bfc062723c751e8b465ee728b)  -> (artifact id: 'e725db9a9e292f93bf66a242ac2442a9') in 0.006364 seconds 
  Import took 0.009075 seconds .

========================================================================
Received Import Request.
  Time since last request: 0.000298 seconds.
  path: Assets/Cartoon_Texture_Pack/WALLS/WALL_Bricks/Materials
  artifactKey: Guid(26bf9184221f37c4f9792fbae91b68cd) Importer(815301076,1909f56bfc062723c751e8b465ee728b)
Start importing Assets/Cartoon_Texture_Pack/WALLS/WALL_Bricks/Materials using Guid(26bf9184221f37c4f9792fbae91b68cd) Importer(815301076,1909f56bfc062723c751e8b465ee728b)  -> (artifact id: 'becbfcdb4020bcea50a6b6c26c093730') in 0.002149 seconds 
  Import took 0.004837 seconds .

========================================================================
Received Import Request.
  Time since last request: 0.000234 seconds.
  path: Assets/Cartoon_Texture_Pack/GRASS
  artifactKey: Guid(7678495fd012edc439fb5528125d6c99) Importer(815301076,1909f56bfc062723c751e8b465ee728b)
Start importing Assets/Cartoon_Texture_Pack/GRASS using Guid(7678495fd012edc439fb5528125d6c99) Importer(815301076,1909f56bfc062723c751e8b465ee728b)  -> (artifact id: '6e55c3296cfcb1c9e664c55b78db7a02') in 0.007788 seconds 
  Import took 0.058662 seconds .

========================================================================
Received Import Request.
  Time since last request: 0.000330 seconds.
  path: Assets/Cartoon_Texture_Pack/GRASS/GRASS_Dense/GRASS_Dense_Tint_01/Materials/Grass_Dense_Tint_01_Base_A.mat
  artifactKey: Guid(f9a94780aa94b7c4985400ab0bedcdbb) Importer(815301076,1909f56bfc062723c751e8b465ee728b)
Start importing Assets/Cartoon_Texture_Pack/GRASS/GRASS_Dense/GRASS_Dense_Tint_01/Materials/Grass_Dense_Tint_01_Base_A.mat using Guid(f9a94780aa94b7c4985400ab0bedcdbb) Importer(815301076,1909f56bfc062723c751e8b465ee728b)  -> (artifact id: 'bac590688cbdc9491b0542d58fd348cb') in 0.044873 seconds 
  Import took 0.048352 seconds .

========================================================================
Received Import Request.
  Time since last request: 0.000322 seconds.
  path: Assets/Cartoon_Texture_Pack/SAND/SAND_Beach/Materials/Sand_Beach_Shell.mat
  artifactKey: Guid(8f1ad6ca6c806374eb625b775345bb99) Importer(815301076,1909f56bfc062723c751e8b465ee728b)
Start importing Assets/Cartoon_Texture_Pack/SAND/SAND_Beach/Materials/Sand_Beach_Shell.mat using Guid(8f1ad6ca6c806374eb625b775345bb99) Importer(815301076,1909f56bfc062723c751e8b465ee728b)  -> (artifact id: 'd26b6e3717e9f87066ac1f606d8b24ba') in 0.051243 seconds 
  Import took 0.055785 seconds .

========================================================================
Received Import Request.
  Time since last request: 0.000244 seconds.
  path: Assets/Cartoon_Texture_Pack/DIRT/Dirt_Path/Textures/Dirt_Path_Normal.png
  artifactKey: Guid(48c3f9bf0c6c95b4e8a00c6b9a8162be) Importer(815301076,1909f56bfc062723c751e8b465ee728b)
Start importing Assets/Cartoon_Texture_Pack/DIRT/Dirt_Path/Textures/Dirt_Path_Normal.png using Guid(48c3f9bf0c6c95b4e8a00c6b9a8162be) Importer(815301076,1909f56bfc062723c751e8b465ee728b)  -> (artifact id: 'f4aaaf6713f9d29131f0aec34854e669') in 0.037814 seconds 
  Import took 0.044193 seconds .

========================================================================
Received Import Request.
  Time since last request: 0.000352 seconds.
  path: Assets/Cartoon_Texture_Pack/DIRT
  artifactKey: Guid(e4618fcd34c3e9a4c81c01b8339608b0) Importer(815301076,1909f56bfc062723c751e8b465ee728b)
Start importing Assets/Cartoon_Texture_Pack/DIRT using Guid(e4618fcd34c3e9a4c81c01b8339608b0) Importer(815301076,1909f56bfc062723c751e8b465ee728b)  -> (artifact id: 'b01bd2da37858bc374bc2ad07a0181d6') in 0.009520 seconds 
  Import took 0.014164 seconds .

========================================================================
Received Import Request.
  Time since last request: 0.000334 seconds.
  path: Assets/Cartoon_Texture_Pack/WOOD/WOOD_Plain/Materials/Wood_Plain_A.mat
  artifactKey: Guid(d1308064540b76a488431b360cee6b89) Importer(815301076,1909f56bfc062723c751e8b465ee728b)
Start importing Assets/Cartoon_Texture_Pack/WOOD/WOOD_Plain/Materials/Wood_Plain_A.mat using Guid(d1308064540b76a488431b360cee6b89) Importer(815301076,1909f56bfc062723c751e8b465ee728b)  -> (artifact id: '73ddc6f40a7eb981d741ab126a11acbc') in 0.069735 seconds 
  Import took 0.241176 seconds .

========================================================================
Received Import Request.
  Time since last request: 0.000330 seconds.
  path: Assets/Cartoon_Texture_Pack/ROOF/ROOF_Hay/Materials/UnderRoof_Hay.mat
  artifactKey: Guid(28702d1b59555ff47b733620604f0dba) Importer(815301076,1909f56bfc062723c751e8b465ee728b)
Start importing Assets/Cartoon_Texture_Pack/ROOF/ROOF_Hay/Materials/UnderRoof_Hay.mat using Guid(28702d1b59555ff47b733620604f0dba) Importer(815301076,1909f56bfc062723c751e8b465ee728b)  -> (artifact id: '8463bc05c08a07a4dd45af2ad3aec67a') in 0.052460 seconds 
  Import took 0.056742 seconds .

========================================================================
Received Import Request.
  Time since last request: 0.000334 seconds.
  path: Assets/Cartoon_Texture_Pack/GRASS/GRASS_Dense/GRASS_Dense_Tint_01/Materials/Grass_Dense_Tint_01_Leaves_A.mat
  artifactKey: Guid(91bf4af0f70ef3045a6215a4c90676dd) Importer(815301076,1909f56bfc062723c751e8b465ee728b)
Start importing Assets/Cartoon_Texture_Pack/GRASS/GRASS_Dense/GRASS_Dense_Tint_01/Materials/Grass_Dense_Tint_01_Leaves_A.mat using Guid(91bf4af0f70ef3045a6215a4c90676dd) Importer(815301076,1909f56bfc062723c751e8b465ee728b)  -> (artifact id: '1555cee8d43de67d7300a90ac7b21816') in 0.044701 seconds 
  Import took 0.048412 seconds .

========================================================================
Received Import Request.
  Time since last request: 0.000251 seconds.
  path: Assets/Cartoon_Texture_Pack/WOOD/WOOD_Planks/Materials/Wood_Planks_B.mat
  artifactKey: Guid(0744bcab18e19e444b1498ebfd1b47b1) Importer(815301076,1909f56bfc062723c751e8b465ee728b)
Start importing Assets/Cartoon_Texture_Pack/WOOD/WOOD_Planks/Materials/Wood_Planks_B.mat using Guid(0744bcab18e19e444b1498ebfd1b47b1) Importer(815301076,1909f56bfc062723c751e8b465ee728b)  -> (artifact id: '6eeaabf8f3da87f436f2f49b42839707') in 0.043212 seconds 
  Import took 0.046929 seconds .

========================================================================
Received Import Request.
  Time since last request: 0.000306 seconds.
  path: Assets/Cartoon_Texture_Pack/DIRT/Dirt_Path/Textures
  artifactKey: Guid(ded40a3a8efaace4384304c2ffcbb186) Importer(815301076,1909f56bfc062723c751e8b465ee728b)
Start importing Assets/Cartoon_Texture_Pack/DIRT/Dirt_Path/Textures using Guid(ded40a3a8efaace4384304c2ffcbb186) Importer(815301076,1909f56bfc062723c751e8b465ee728b)  -> (artifact id: '6c93b515917f727ecf3fa49008f4329d') in 0.004689 seconds 
  Import took 0.008501 seconds .

========================================================================
Received Import Request.
  Time since last request: 0.000248 seconds.
  path: Assets/Cartoon_Texture_Pack/WOOD/WOOD_Plain/Materials
  artifactKey: Guid(604918ad4a65d1743983ec55274618f7) Importer(815301076,1909f56bfc062723c751e8b465ee728b)
Start importing Assets/Cartoon_Texture_Pack/WOOD/WOOD_Plain/Materials using Guid(604918ad4a65d1743983ec55274618f7) Importer(815301076,1909f56bfc062723c751e8b465ee728b)  -> (artifact id: 'a4b7a821a20da84aeb76502b8a368665') in 0.004186 seconds 
  Import took 0.007894 seconds .

========================================================================
Received Import Request.
  Time since last request: 0.000291 seconds.
  path: Assets/polyperfect/Low Poly Ultimate Pack
  artifactKey: Guid(254cebd401a5df64da07f96ad5300287) Importer(815301076,1909f56bfc062723c751e8b465ee728b)
Start importing Assets/polyperfect/Low Poly Ultimate Pack using Guid(254cebd401a5df64da07f96ad5300287) Importer(815301076,1909f56bfc062723c751e8b465ee728b)  -> (artifact id: 'a758f5902f561fd9a5897c4cd368a231') in 0.009106 seconds 
  Import took 0.014880 seconds .

========================================================================
Received Import Request.
  Time since last request: 0.000272 seconds.
  path: Assets/Cartoon_Texture_Pack/GRASS/GRASS_Dense/GRASS_Dense_Tint_01/Materials/Grass_Dense_Tint_01_Base_C.mat
  artifactKey: Guid(19daeccbc664d8141990dd03570ee008) Importer(815301076,1909f56bfc062723c751e8b465ee728b)
Start importing Assets/Cartoon_Texture_Pack/GRASS/GRASS_Dense/GRASS_Dense_Tint_01/Materials/Grass_Dense_Tint_01_Base_C.mat using Guid(19daeccbc664d8141990dd03570ee008) Importer(815301076,1909f56bfc062723c751e8b465ee728b)  -> (artifact id: '168ad36f051ec1bc46870c3ff0c40d45') in 0.055580 seconds 
  Import took 0.060083 seconds .

========================================================================
Received Import Request.
  Time since last request: 0.000269 seconds.
  path: Assets/Cartoon_Texture_Pack/ROOF/ROOF_Hay/Materials
  artifactKey: Guid(f16bc85f1fa2baf4a9960941006306f5) Importer(815301076,1909f56bfc062723c751e8b465ee728b)
Start importing Assets/Cartoon_Texture_Pack/ROOF/ROOF_Hay/Materials using Guid(f16bc85f1fa2baf4a9960941006306f5) Importer(815301076,1909f56bfc062723c751e8b465ee728b)  -> (artifact id: '3c606d5a4bccb909614ab9685f9ae927') in 0.002524 seconds 
  Import took 0.019223 seconds .

========================================================================
Received Import Request.
  Time since last request: 0.000246 seconds.
  path: Assets/Cartoon_Texture_Pack/SAND/SAND_Beach
  artifactKey: Guid(13ecdd91e3dc0ec43b8a5d75827ba2e7) Importer(815301076,1909f56bfc062723c751e8b465ee728b)
Start importing Assets/Cartoon_Texture_Pack/SAND/SAND_Beach using Guid(13ecdd91e3dc0ec43b8a5d75827ba2e7) Importer(815301076,1909f56bfc062723c751e8b465ee728b)  -> (artifact id: 'bf5defc7b0fed0747c0c0d9bb825cf27') in 0.006683 seconds 
  Import took 0.009464 seconds .

========================================================================
Received Import Request.
  Time since last request: 0.000233 seconds.
  path: Assets/Cartoon_Texture_Pack/DIRT/Dirt_Path/Materials
  artifactKey: Guid(fa74eba23bef46a45b82a662ab2386bf) Importer(815301076,1909f56bfc062723c751e8b465ee728b)
Start importing Assets/Cartoon_Texture_Pack/DIRT/Dirt_Path/Materials using Guid(fa74eba23bef46a45b82a662ab2386bf) Importer(815301076,1909f56bfc062723c751e8b465ee728b)  -> (artifact id: '437650e6b1f64b62a3fe5201542beed0') in 0.002459 seconds 
  Import took 0.005538 seconds .

========================================================================
Received Import Request.
  Time since last request: 0.000275 seconds.
  path: Assets/Cartoon_Texture_Pack/SAND/SAND_Beach/Materials
  artifactKey: Guid(5a76657f4c3fecf43853ebfa8b46d98e) Importer(815301076,1909f56bfc062723c751e8b465ee728b)
Start importing Assets/Cartoon_Texture_Pack/SAND/SAND_Beach/Materials using Guid(5a76657f4c3fecf43853ebfa8b46d98e) Importer(815301076,1909f56bfc062723c751e8b465ee728b)  -> (artifact id: 'cdef224592c2ff5bcccd60ea8137522c') in 0.002929 seconds 
  Import took 0.006002 seconds .

========================================================================
Received Import Request.
  Time since last request: 0.000249 seconds.
  path: Assets/Cartoon_Texture_Pack/ROOF/ROOF_Hay
  artifactKey: Guid(1ad61d1e41c01a94b99d36cf8b5409d2) Importer(815301076,1909f56bfc062723c751e8b465ee728b)
Start importing Assets/Cartoon_Texture_Pack/ROOF/ROOF_Hay using Guid(1ad61d1e41c01a94b99d36cf8b5409d2) Importer(815301076,1909f56bfc062723c751e8b465ee728b)  -> (artifact id: '08e4adef790bf78b9da0cf4114add4b1') in 0.006603 seconds 
  Import took 0.009868 seconds .

========================================================================
Received Import Request.
  Time since last request: 0.000212 seconds.
  path: Assets/Cartoon_Texture_Pack/SAND/SAND_Beach/Materials/Sand_Beach_Base.mat
  artifactKey: Guid(98e3d348c55e6a244b34dd502d9ed4cc) Importer(815301076,1909f56bfc062723c751e8b465ee728b)
Start importing Assets/Cartoon_Texture_Pack/SAND/SAND_Beach/Materials/Sand_Beach_Base.mat using Guid(98e3d348c55e6a244b34dd502d9ed4cc) Importer(815301076,1909f56bfc062723c751e8b465ee728b)  -> (artifact id: '89096faf448ad7c1431db657562a1843') in 0.038422 seconds 
  Import took 0.044412 seconds .

========================================================================
Received Import Request.
  Time since last request: 0.000245 seconds.
  path: Assets/Cartoon_Texture_Pack/GRASS/GRASS_Dense/GRASS_Dense_Tint_01/Materials/Grass_Dense_Tint_01_Base_B.mat
  artifactKey: Guid(7cdafb159eb941a45ac8fb89a05295a9) Importer(815301076,1909f56bfc062723c751e8b465ee728b)
Start importing Assets/Cartoon_Texture_Pack/GRASS/GRASS_Dense/GRASS_Dense_Tint_01/Materials/Grass_Dense_Tint_01_Base_B.mat using Guid(7cdafb159eb941a45ac8fb89a05295a9) Importer(815301076,1909f56bfc062723c751e8b465ee728b)  -> (artifact id: 'e9e5104483c90553eb343a405dde17fc') in 0.041691 seconds 
  Import took 0.047120 seconds .

========================================================================
Received Import Request.
  Time since last request: 0.000251 seconds.
  path: Assets/Cartoon_Texture_Pack/DIRT/Dirt_Path/Textures/Dirt_Path_Metallic.png
  artifactKey: Guid(ae87662110a99a64d80a0cb0171f7d5e) Importer(815301076,1909f56bfc062723c751e8b465ee728b)
Start importing Assets/Cartoon_Texture_Pack/DIRT/Dirt_Path/Textures/Dirt_Path_Metallic.png using Guid(ae87662110a99a64d80a0cb0171f7d5e) Importer(815301076,1909f56bfc062723c751e8b465ee728b)  -> (artifact id: 'ecc7e32beb83af627fea1d1873fdad7e') in 0.021573 seconds 
  Import took 0.025303 seconds .

========================================================================
Received Prepare
Registering precompiled user dll's ...
Registered in 0.007318 seconds.
Begin MonoManager ReloadAssembly
Native extension for WindowsStandalone target not found
Native extension for WebGL target not found
Refreshing native plugins compatible for Editor in 0.83 ms, found 5 plugins.
Preloading 0 native plugins for Editor in 0.00 ms.
Mono: successfully reloaded assembly
- Completed reload, in  1.605 seconds
Domain Reload Profiling:
	ReloadAssembly (1608ms)
		BeginReloadAssembly (216ms)
			ExecutionOrderSort (0ms)
			DisableScriptedObjects (13ms)
			BackupInstance (0ms)
			ReleaseScriptingObjects (0ms)
			CreateAndSetChildDomain (97ms)
		EndReloadAssembly (1308ms)
			LoadAssemblies (126ms)
			RebuildTransferFunctionScriptingTraits (0ms)
			SetupTypeCache (368ms)
			ReleaseScriptCaches (2ms)
			RebuildScriptCaches (47ms)
			SetupLoadedEditorAssemblies (387ms)
				LogAssemblyErrors (0ms)
				InitializePlatformSupportModulesInManaged (8ms)
				SetLoadedEditorAssemblies (1ms)
				RefreshPlugins (1ms)
				BeforeProcessingInitializeOnLoad (87ms)
				ProcessInitializeOnLoadAttributes (273ms)
				ProcessInitializeOnLoadMethodAttributes (9ms)
				AfterProcessingInitializeOnLoad (9ms)
				EditorAssembliesLoaded (0ms)
			ExecutionOrderSort2 (0ms)
			AwakeInstancesAfterBackupRestoration (7ms)
Platform modules already initialized, skipping
Refreshing native plugins compatible for Editor in 0.81 ms, found 5 plugins.
Preloading 0 native plugins for Editor in 0.00 ms.
Unloading 1625 Unused Serialized files (Serialized files now loaded: 0)
System memory in use before: 78.5 MB.
System memory in use after: 78.3 MB.

Unloading 27 unused Assets to reduce memory usage. Loaded Objects now: 2095.
Total: 3.796100 ms (FindLiveObjects: 0.185600 ms CreateObjectMapping: 0.064000 ms MarkObjects: 3.345700 ms  DeleteObjects: 0.199800 ms)

AssetImportParameters requested are different than current active one (requested -> active):
  custom:framework-win-MediaFoundation: 216162199b28c13a410421893ffa2e32 -> 
  custom:video-decoder-ogg-theora: a1e56fd34408186e4bbccfd4996cb3dc -> 
  custom:container-muxer-webm: aa71ff27fc2769a1b78a27578f13a17b -> 
  custom:container-demuxer-webm: 4f35f7cbe854078d1ac9338744f61a02 -> 
  custom:container-demuxer-ogg: 62fdf1f143b41e24485cea50d1cbac27 -> 
  custom:video-encoder-webm-vp8: eb34c28f22e8b96e1ab97ce403110664 -> 
  custom:video-decoder-webm-vp8: 9c59270c3fd7afecdb556c50c9e8de78 -> 
  custom:audio-decoder-ogg-vorbis: bf7c407c2cedff20999df2af8eb42d56 -> 
  custom:audio-encoder-webm-vorbis: bf7c407c2cedff20999df2af8eb42d56 -> 
========================================================================
Received Import Request.
  Time since last request: 6058.242221 seconds.
  path: Assets/Cartoon_Texture_Pack/_MaterialLibrary/Material_Library_Reference.png
  artifactKey: Guid(3a6463e0803a8e845b99b863dde00116) Importer(815301076,1909f56bfc062723c751e8b465ee728b)
Start importing Assets/Cartoon_Texture_Pack/_MaterialLibrary/Material_Library_Reference.png using Guid(3a6463e0803a8e845b99b863dde00116) Importer(815301076,1909f56bfc062723c751e8b465ee728b)  -> (artifact id: '2ff9d685e99746815e24846c91749d0d') in 0.103748 seconds 
  Import took 0.112129 seconds .

========================================================================
Received Import Request.
  Time since last request: 0.000335 seconds.
  path: Assets/Cartoon_Texture_Pack/_MaterialLibrary/Presentation_Sphere.FBX
  artifactKey: Guid(794f0e9f14d08e0429b8fcc936e4e6b9) Importer(815301076,1909f56bfc062723c751e8b465ee728b)
Start importing Assets/Cartoon_Texture_Pack/_MaterialLibrary/Presentation_Sphere.FBX using Guid(794f0e9f14d08e0429b8fcc936e4e6b9) Importer(815301076,1909f56bfc062723c751e8b465ee728b)  -> (artifact id: '00078d0c23a9fdce1eaedbd28ef9bf74') in 0.653049 seconds 
  Import took 0.656738 seconds .

========================================================================
Received Prepare
Registering precompiled user dll's ...
Registered in 0.021842 seconds.
Begin MonoManager ReloadAssembly
Native extension for WindowsStandalone target not found
Native extension for WebGL target not found
Refreshing native plugins compatible for Editor in 0.94 ms, found 5 plugins.
Preloading 0 native plugins for Editor in 0.00 ms.
Mono: successfully reloaded assembly
- Completed reload, in  3.815 seconds
Domain Reload Profiling:
	ReloadAssembly (3816ms)
		BeginReloadAssembly (889ms)
			ExecutionOrderSort (0ms)
			DisableScriptedObjects (20ms)
			BackupInstance (0ms)
			ReleaseScriptingObjects (0ms)
			CreateAndSetChildDomain (530ms)
		EndReloadAssembly (2762ms)
			LoadAssemblies (444ms)
			RebuildTransferFunctionScriptingTraits (0ms)
			SetupTypeCache (1221ms)
			ReleaseScriptCaches (1ms)
			RebuildScriptCaches (191ms)
			SetupLoadedEditorAssemblies (683ms)
				LogAssemblyErrors (0ms)
				InitializePlatformSupportModulesInManaged (10ms)
				SetLoadedEditorAssemblies (1ms)
				RefreshPlugins (1ms)
				BeforeProcessingInitializeOnLoad (235ms)
				ProcessInitializeOnLoadAttributes (413ms)
				ProcessInitializeOnLoadMethodAttributes (11ms)
				AfterProcessingInitializeOnLoad (13ms)
				EditorAssembliesLoaded (0ms)
			ExecutionOrderSort2 (0ms)
			AwakeInstancesAfterBackupRestoration (9ms)
Platform modules already initialized, skipping
Switching build target platform(19) subTarget(0) extendedPlatform(0) -> platform(13) subTarget(537395200) extendedPlatform(0)
Refreshing native plugins compatible for Editor in 1.48 ms, found 5 plugins.
Preloading 0 native plugins for Editor in 0.00 ms.
Unloading 1629 Unused Serialized files (Serialized files now loaded: 0)
System memory in use before: 78.6 MB.
System memory in use after: 78.5 MB.

Unloading 28 unused Assets to reduce memory usage. Loaded Objects now: 2102.
Total: 4.682300 ms (FindLiveObjects: 0.279700 ms CreateObjectMapping: 0.117400 ms MarkObjects: 4.064600 ms  DeleteObjects: 0.219200 ms)

AssetImportParameters requested are different than current active one (requested -> active):
  custom:framework-win-MediaFoundation: 216162199b28c13a410421893ffa2e32 -> 
  custom:video-decoder-ogg-theora: a1e56fd34408186e4bbccfd4996cb3dc -> 
  custom:container-muxer-webm: aa71ff27fc2769a1b78a27578f13a17b -> 
  custom:container-demuxer-webm: 4f35f7cbe854078d1ac9338744f61a02 -> 
  custom:container-demuxer-ogg: 62fdf1f143b41e24485cea50d1cbac27 -> 
  custom:video-encoder-webm-vp8: eb34c28f22e8b96e1ab97ce403110664 -> 
  custom:video-decoder-webm-vp8: 9c59270c3fd7afecdb556c50c9e8de78 -> 
  custom:graphics/normal-map-encoding: 01000000000000000000000000000000 -> 02000000000000000000000000000000
  custom:audio-decoder-ogg-vorbis: bf7c407c2cedff20999df2af8eb42d56 -> 
  custom:audio-encoder-webm-vorbis: bf7c407c2cedff20999df2af8eb42d56 -> 
========================================================================
Received Prepare
Refreshing native plugins compatible for Editor in 8.38 ms, found 5 plugins.
Preloading 0 native plugins for Editor in 0.00 ms.
Unloading 25 Unused Serialized files (Serialized files now loaded: 0)
System memory in use before: 46.9 MB.
System memory in use after: 46.8 MB.

Unloading 25 unused Assets to reduce memory usage. Loaded Objects now: 2102.
Total: 5.150000 ms (FindLiveObjects: 0.292900 ms CreateObjectMapping: 0.073100 ms MarkObjects: 4.629700 ms  DeleteObjects: 0.152900 ms)

AssetImportParameters requested are different than current active one (requested -> active):
  custom:framework-win-MediaFoundation: 216162199b28c13a410421893ffa2e32 -> 
  custom:video-decoder-ogg-theora: a1e56fd34408186e4bbccfd4996cb3dc -> 
  custom:container-muxer-webm: aa71ff27fc2769a1b78a27578f13a17b -> 
  custom:container-demuxer-webm: 4f35f7cbe854078d1ac9338744f61a02 -> 
  custom:container-demuxer-ogg: 62fdf1f143b41e24485cea50d1cbac27 -> 
  custom:video-encoder-webm-vp8: eb34c28f22e8b96e1ab97ce403110664 -> 
  custom:video-decoder-webm-vp8: 9c59270c3fd7afecdb556c50c9e8de78 -> 
  custom:audio-decoder-ogg-vorbis: bf7c407c2cedff20999df2af8eb42d56 -> 
  custom:audio-encoder-webm-vorbis: bf7c407c2cedff20999df2af8eb42d56 -> 
========================================================================
Received Prepare
Refreshing native plugins compatible for Editor in 21.54 ms, found 5 plugins.
Preloading 0 native plugins for Editor in 0.00 ms.
Unloading 25 Unused Serialized files (Serialized files now loaded: 0)
System memory in use before: 46.9 MB.
System memory in use after: 46.8 MB.

Unloading 25 unused Assets to reduce memory usage. Loaded Objects now: 2102.
Total: 8.327900 ms (FindLiveObjects: 0.297200 ms CreateObjectMapping: 0.130900 ms MarkObjects: 7.659400 ms  DeleteObjects: 0.238800 ms)

AssetImportParameters requested are different than current active one (requested -> active):
  custom:framework-win-MediaFoundation: 216162199b28c13a410421893ffa2e32 -> 
  custom:video-decoder-ogg-theora: a1e56fd34408186e4bbccfd4996cb3dc -> 
  custom:container-muxer-webm: aa71ff27fc2769a1b78a27578f13a17b -> 
  custom:container-demuxer-webm: 4f35f7cbe854078d1ac9338744f61a02 -> 
  custom:container-demuxer-ogg: 62fdf1f143b41e24485cea50d1cbac27 -> 
  custom:video-encoder-webm-vp8: eb34c28f22e8b96e1ab97ce403110664 -> 
  custom:video-decoder-webm-vp8: 9c59270c3fd7afecdb556c50c9e8de78 -> 
  custom:audio-decoder-ogg-vorbis: bf7c407c2cedff20999df2af8eb42d56 -> 
  custom:audio-encoder-webm-vorbis: bf7c407c2cedff20999df2af8eb42d56 -> 
========================================================================
Received Import Request.
  Time since last request: 2795.494087 seconds.
  path: Assets/polyperfect/Low Poly Ultimate Pack/- Materials
  artifactKey: Guid(3baaa3c0cc1516d439fdb8d4f1077c22) Importer(815301076,1909f56bfc062723c751e8b465ee728b)
Start importing Assets/polyperfect/Low Poly Ultimate Pack/- Materials using Guid(3baaa3c0cc1516d439fdb8d4f1077c22) Importer(815301076,1909f56bfc062723c751e8b465ee728b)  -> (artifact id: 'd9cedfd253995836720cb3e1934bef6c') in 0.016741 seconds 
  Import took 0.023067 seconds .

========================================================================
Received Import Request.
  Time since last request: 0.069009 seconds.
  path: Assets/polyperfect/Low Poly Ultimate Pack/- Materials/LOW-POLY-COLORS.mat
  artifactKey: Guid(03ddc7e460b33402eb7640fab3881ac9) Importer(815301076,1909f56bfc062723c751e8b465ee728b)
Start importing Assets/polyperfect/Low Poly Ultimate Pack/- Materials/LOW-POLY-COLORS.mat using Guid(03ddc7e460b33402eb7640fab3881ac9) Importer(815301076,1909f56bfc062723c751e8b465ee728b)  -> (artifact id: '6ba7f128f8f99da3289e8422e718a754') in 0.413268 seconds 
  Import took 0.417693 seconds .

========================================================================
Received Import Request.
  Time since last request: 3.753519 seconds.
  path: Assets/polyperfect/Low Poly Ultimate Pack/- Terrains/07 - wildwest.asset
  artifactKey: Guid(ede8e9b58408549e5bca44392e631d39) Importer(815301076,1909f56bfc062723c751e8b465ee728b)
Start importing Assets/polyperfect/Low Poly Ultimate Pack/- Terrains/07 - wildwest.asset using Guid(ede8e9b58408549e5bca44392e631d39) Importer(815301076,1909f56bfc062723c751e8b465ee728b)  -> (artifact id: '7cb1a6cf4f8173d3c689463a88cc93a8') in 0.235037 seconds 
  Import took 0.239942 seconds .

========================================================================
Received Import Request.
  Time since last request: 4.094007 seconds.
  path: Assets/polyperfect/Low Poly Ultimate Pack/- Textures/color-atlas-emission.png
  artifactKey: Guid(79d6390892d8a494dbe4e12301c0b3c8) Importer(815301076,1909f56bfc062723c751e8b465ee728b)
Start importing Assets/polyperfect/Low Poly Ultimate Pack/- Textures/color-atlas-emission.png using Guid(79d6390892d8a494dbe4e12301c0b3c8) Importer(815301076,1909f56bfc062723c751e8b465ee728b)  -> (artifact id: 'afaee13c5329d38b0b0743c197255004') in 0.032619 seconds 
  Import took 0.037200 seconds .

========================================================================
Received Import Request.
  Time since last request: 0.000322 seconds.
  path: Assets/polyperfect/Low Poly Ultimate Pack/- Textures/grass-texture.png
  artifactKey: Guid(b44889aa490ee46c1b19e2649ce90f57) Importer(815301076,1909f56bfc062723c751e8b465ee728b)
Start importing Assets/polyperfect/Low Poly Ultimate Pack/- Textures/grass-texture.png using Guid(b44889aa490ee46c1b19e2649ce90f57) Importer(815301076,1909f56bfc062723c751e8b465ee728b)  -> (artifact id: 'b4b2af9833f2728676c274af18dcbc7d') in 0.053169 seconds 
  Import took 0.058236 seconds .

========================================================================
Received Import Request.
  Time since last request: 0.000211 seconds.
  path: Assets/polyperfect/Low Poly Ultimate Pack/- Textures/color-atlas-gradient.png
  artifactKey: Guid(bd9d0343175ea445eae5d3ffa327072e) Importer(815301076,1909f56bfc062723c751e8b465ee728b)
Start importing Assets/polyperfect/Low Poly Ultimate Pack/- Textures/color-atlas-gradient.png using Guid(bd9d0343175ea445eae5d3ffa327072e) Importer(815301076,1909f56bfc062723c751e8b465ee728b)  -> (artifact id: '9a1c38ad5393a16bcce8c53aefec5c11') in 0.069991 seconds 
  Import took 0.073852 seconds .

========================================================================
Received Import Request.
  Time since last request: 0.000226 seconds.
  path: Assets/polyperfect/Low Poly Ultimate Pack/- Textures/grass-texture-long.png
  artifactKey: Guid(f5ef23c6d74e24f178d1b69eb0a174fe) Importer(815301076,1909f56bfc062723c751e8b465ee728b)
Start importing Assets/polyperfect/Low Poly Ultimate Pack/- Textures/grass-texture-long.png using Guid(f5ef23c6d74e24f178d1b69eb0a174fe) Importer(815301076,1909f56bfc062723c751e8b465ee728b)  -> (artifact id: '36dc3afc17116ebcdb313105895000ee') in 0.031644 seconds 
  Import took 0.038945 seconds .

========================================================================
Received Import Request.
  Time since last request: 0.000337 seconds.
  path: Assets/polyperfect/Low Poly Ultimate Pack/- Textures/color-atlas-new.png
  artifactKey: Guid(8717fdb6173564f2999931e12864970e) Importer(815301076,1909f56bfc062723c751e8b465ee728b)
Start importing Assets/polyperfect/Low Poly Ultimate Pack/- Textures/color-atlas-new.png using Guid(8717fdb6173564f2999931e12864970e) Importer(815301076,1909f56bfc062723c751e8b465ee728b)  -> (artifact id: '7bf73c9a2f3b9bff4a9f7bb520c27302') in 0.049583 seconds 
  Import took 0.053602 seconds .

========================================================================
Received Import Request.
  Time since last request: 0.000209 seconds.
  path: Assets/polyperfect/Low Poly Ultimate Pack/- Textures/lightrays.png
  artifactKey: Guid(536796f3bff2945159ec2bb0b866ed40) Importer(815301076,1909f56bfc062723c751e8b465ee728b)
Start importing Assets/polyperfect/Low Poly Ultimate Pack/- Textures/lightrays.png using Guid(536796f3bff2945159ec2bb0b866ed40) Importer(815301076,1909f56bfc062723c751e8b465ee728b)  -> (artifact id: '2a51376b9a7982bc9aecd777b50d5387') in 0.023156 seconds 
  Import took 0.027974 seconds .

========================================================================
Received Import Request.
  Time since last request: 4.587060 seconds.
  path: Assets/polyperfect/Low Poly Ultimate Pack/M/- Prefabs_M
  artifactKey: Guid(6b4690c5264fb4917ba54d7e336f6d2e) Importer(815301076,1909f56bfc062723c751e8b465ee728b)
Start importing Assets/polyperfect/Low Poly Ultimate Pack/M/- Prefabs_M using Guid(6b4690c5264fb4917ba54d7e336f6d2e) Importer(815301076,1909f56bfc062723c751e8b465ee728b)  -> (artifact id: 'd870cbfdf00ac967bb6457e4bbcca205') in 0.035694 seconds 
  Import took 0.039439 seconds .

========================================================================
Received Import Request.
  Time since last request: 7259.644525 seconds.
  path: Assets/Cartoon_Texture_Pack/DIRT/Dirt_Path/Textures/Dirt_Path_AO.png
  artifactKey: Guid(0fd2da29303ebcb4cb50ad1cccf7f097) Importer(815301076,1909f56bfc062723c751e8b465ee728b)
Start importing Assets/Cartoon_Texture_Pack/DIRT/Dirt_Path/Textures/Dirt_Path_AO.png using Guid(0fd2da29303ebcb4cb50ad1cccf7f097) Importer(815301076,1909f56bfc062723c751e8b465ee728b)  -> (artifact id: 'e522cac14ca5cc861bf6b53832e25a36') in 0.268939 seconds 
  Import took 0.297083 seconds .

========================================================================
Received Import Request.
  Time since last request: 0.000307 seconds.
  path: Assets/Cartoon_Texture_Pack/DIRT/Dirt_Path/Textures/Dirt_Path_Basecolor.png
  artifactKey: Guid(c2e975e8a074dff45aee75e580a54344) Importer(815301076,1909f56bfc062723c751e8b465ee728b)
Start importing Assets/Cartoon_Texture_Pack/DIRT/Dirt_Path/Textures/Dirt_Path_Basecolor.png using Guid(c2e975e8a074dff45aee75e580a54344) Importer(815301076,1909f56bfc062723c751e8b465ee728b)  -> (artifact id: '5fc81ca8109bd99f1fdfe2ceab978b82') in 0.110925 seconds 
  Import took 0.114469 seconds .

========================================================================
Received Import Request.
  Time since last request: 0.000311 seconds.
  path: Assets/Cartoon_Texture_Pack/DIRT/Dirt_Path/Textures/Dirt_Path_Height.png
  artifactKey: Guid(97df09d6b5a195f438ae4c5dba98341b) Importer(815301076,1909f56bfc062723c751e8b465ee728b)
Start importing Assets/Cartoon_Texture_Pack/DIRT/Dirt_Path/Textures/Dirt_Path_Height.png using Guid(97df09d6b5a195f438ae4c5dba98341b) Importer(815301076,1909f56bfc062723c751e8b465ee728b)  -> (artifact id: '348321ac92c61efd459f3c5074e688e0') in 0.092705 seconds 
  Import took 0.096314 seconds .

========================================================================
Received Import Request.
  Time since last request: 0.000277 seconds.
  path: Assets/Cartoon_Texture_Pack/DIRT/Dirt_Path/Textures/Dirt_Path_Normal.png
  artifactKey: Guid(48c3f9bf0c6c95b4e8a00c6b9a8162be) Importer(815301076,1909f56bfc062723c751e8b465ee728b)
Start importing Assets/Cartoon_Texture_Pack/DIRT/Dirt_Path/Textures/Dirt_Path_Normal.png using Guid(48c3f9bf0c6c95b4e8a00c6b9a8162be) Importer(815301076,1909f56bfc062723c751e8b465ee728b)  -> (artifact id: '2f6f0ad9c2b4ee4bc6fb92d5912b0862') in 0.112089 seconds 
  Import took 0.115410 seconds .

========================================================================
Received Import Request.
  Time since last request: 0.000338 seconds.
  path: Assets/Cartoon_Texture_Pack/DIRT/Dirt_Path/Textures/Dirt_Path_Metallic.png
  artifactKey: Guid(ae87662110a99a64d80a0cb0171f7d5e) Importer(815301076,1909f56bfc062723c751e8b465ee728b)
Start importing Assets/Cartoon_Texture_Pack/DIRT/Dirt_Path/Textures/Dirt_Path_Metallic.png using Guid(ae87662110a99a64d80a0cb0171f7d5e) Importer(815301076,1909f56bfc062723c751e8b465ee728b)  -> (artifact id: 'd62476b05972aea92b8947ef90dad32b') in 0.113037 seconds 
  Import took 0.117163 seconds .

========================================================================
Received Import Request.
  Time since last request: 40.562067 seconds.
  path: Assets/Cartoon_Texture_Pack/ROOF/ROOF_RoundTile_Flat
  artifactKey: Guid(de0b402edcfa9d34b967fbef1f5e06f1) Importer(815301076,1909f56bfc062723c751e8b465ee728b)
Start importing Assets/Cartoon_Texture_Pack/ROOF/ROOF_RoundTile_Flat using Guid(de0b402edcfa9d34b967fbef1f5e06f1) Importer(815301076,1909f56bfc062723c751e8b465ee728b)  -> (artifact id: '58e19e644cccd0b26131044813c00a97') in 0.011175 seconds 
  Import took 0.015591 seconds .

========================================================================
Received Import Request.
  Time since last request: 0.780644 seconds.
  path: Assets/Cartoon_Texture_Pack/ROOF/ROOF_RoundTile_Flat/Materials
  artifactKey: Guid(6f3b1384dcb5cdf40985fd11d48ad6be) Importer(815301076,1909f56bfc062723c751e8b465ee728b)
Start importing Assets/Cartoon_Texture_Pack/ROOF/ROOF_RoundTile_Flat/Materials using Guid(6f3b1384dcb5cdf40985fd11d48ad6be) Importer(815301076,1909f56bfc062723c751e8b465ee728b)  -> (artifact id: 'feba093b03fa793eb9c5e2e7d4908a01') in 0.008970 seconds 
  Import took 0.013129 seconds .

========================================================================
Received Import Request.
  Time since last request: 0.224654 seconds.
  path: Assets/Cartoon_Texture_Pack/ROOF/ROOF_RoundTile_Flat/Materials/Roof_RoundTile_Flat_A.mat
  artifactKey: Guid(b43f3882888509942afbbf97bc376413) Importer(815301076,1909f56bfc062723c751e8b465ee728b)
Start importing Assets/Cartoon_Texture_Pack/ROOF/ROOF_RoundTile_Flat/Materials/Roof_RoundTile_Flat_A.mat using Guid(b43f3882888509942afbbf97bc376413) Importer(815301076,1909f56bfc062723c751e8b465ee728b)  -> (artifact id: 'b3c4f99f82808f9880989dcdfd63b274') in 0.610909 seconds 
  Import took 0.615631 seconds .

========================================================================
Received Import Request.
  Time since last request: 0.000316 seconds.
  path: Assets/Cartoon_Texture_Pack/ROOF/ROOF_RoundTile_Flat/Materials/Roof_RoundTile_Flat_C.mat
  artifactKey: Guid(90bc802ac027a974196df98d652eac14) Importer(815301076,1909f56bfc062723c751e8b465ee728b)
Start importing Assets/Cartoon_Texture_Pack/ROOF/ROOF_RoundTile_Flat/Materials/Roof_RoundTile_Flat_C.mat using Guid(90bc802ac027a974196df98d652eac14) Importer(815301076,1909f56bfc062723c751e8b465ee728b)  -> (artifact id: 'a61efaf137b011235f8809f30d2a8aea') in 0.573585 seconds 
  Import took 0.577860 seconds .

========================================================================
Received Import Request.
  Time since last request: 0.000223 seconds.
  path: Assets/Cartoon_Texture_Pack/ROOF/ROOF_RoundTile_Flat/Materials/Roof_RoundTile_Flat_D.mat
  artifactKey: Guid(c7723bb6c0bd03249bc1997e6becf999) Importer(815301076,1909f56bfc062723c751e8b465ee728b)
Start importing Assets/Cartoon_Texture_Pack/ROOF/ROOF_RoundTile_Flat/Materials/Roof_RoundTile_Flat_D.mat using Guid(c7723bb6c0bd03249bc1997e6becf999) Importer(815301076,1909f56bfc062723c751e8b465ee728b)  -> (artifact id: 'f49399923d379039fd71ec32fcc7cb99') in 0.357012 seconds 
  Import took 0.360898 seconds .

========================================================================
Received Import Request.
  Time since last request: 0.000321 seconds.
  path: Assets/Cartoon_Texture_Pack/ROOF/ROOF_RoundTile_Flat/Materials/UnderRoof_RoundTile_Flat_B.mat
  artifactKey: Guid(0ac1d4efb0b713643b46b554e3d2cca0) Importer(815301076,1909f56bfc062723c751e8b465ee728b)
Start importing Assets/Cartoon_Texture_Pack/ROOF/ROOF_RoundTile_Flat/Materials/UnderRoof_RoundTile_Flat_B.mat using Guid(0ac1d4efb0b713643b46b554e3d2cca0) Importer(815301076,1909f56bfc062723c751e8b465ee728b)  -> (artifact id: '2d4ca4bb44bed77b07ed14366be86402') in 0.325825 seconds 
  Import took 0.329450 seconds .

========================================================================
Received Import Request.
  Time since last request: 0.000269 seconds.
  path: Assets/Cartoon_Texture_Pack/ROOF/ROOF_RoundTile_Flat/Materials/UnderRoof_RoundTile_Flat_C.mat
  artifactKey: Guid(a6c87368358358d43b75c9746652f030) Importer(815301076,1909f56bfc062723c751e8b465ee728b)
Start importing Assets/Cartoon_Texture_Pack/ROOF/ROOF_RoundTile_Flat/Materials/UnderRoof_RoundTile_Flat_C.mat using Guid(a6c87368358358d43b75c9746652f030) Importer(815301076,1909f56bfc062723c751e8b465ee728b)  -> (artifact id: '65c7a438b60544d866040b1066fd4b64') in 0.315978 seconds 
  Import took 0.319552 seconds .

========================================================================
Received Import Request.
  Time since last request: 0.000309 seconds.
  path: Assets/Cartoon_Texture_Pack/ROOF/ROOF_RoundTile_Flat/Materials/Roof_RoundTile_Flat_B.mat
  artifactKey: Guid(36d79cec6bc8d2c44856ddb2f809eb98) Importer(815301076,1909f56bfc062723c751e8b465ee728b)
Start importing Assets/Cartoon_Texture_Pack/ROOF/ROOF_RoundTile_Flat/Materials/Roof_RoundTile_Flat_B.mat using Guid(36d79cec6bc8d2c44856ddb2f809eb98) Importer(815301076,1909f56bfc062723c751e8b465ee728b)  -> (artifact id: '8b34646c91c84753160a48f262dbaf0d') in 0.329765 seconds 
  Import took 0.333390 seconds .

========================================================================
Received Import Request.
  Time since last request: 0.000304 seconds.
  path: Assets/Cartoon_Texture_Pack/ROOF/ROOF_RoundTile_Flat/Materials/UnderRoof_RoundTile_Flat_D.mat
  artifactKey: Guid(1f00188ca679e3a4b859350ac4f262e0) Importer(815301076,1909f56bfc062723c751e8b465ee728b)
Start importing Assets/Cartoon_Texture_Pack/ROOF/ROOF_RoundTile_Flat/Materials/UnderRoof_RoundTile_Flat_D.mat using Guid(1f00188ca679e3a4b859350ac4f262e0) Importer(815301076,1909f56bfc062723c751e8b465ee728b)  -> (artifact id: '86456e3f82e205cc965c91c18250dca6') in 0.325258 seconds 
  Import took 0.328848 seconds .

========================================================================
Received Import Request.
  Time since last request: 0.000334 seconds.
  path: Assets/Cartoon_Texture_Pack/ROOF/ROOF_RoundTile_Flat/Materials/UnderRoof_RoundTile_Flat_A.mat
  artifactKey: Guid(5e93daf9dbaadeb4a95e7d6896ae4189) Importer(815301076,1909f56bfc062723c751e8b465ee728b)
Start importing Assets/Cartoon_Texture_Pack/ROOF/ROOF_RoundTile_Flat/Materials/UnderRoof_RoundTile_Flat_A.mat using Guid(5e93daf9dbaadeb4a95e7d6896ae4189) Importer(815301076,1909f56bfc062723c751e8b465ee728b)  -> (artifact id: '300be1cb7a04db31a7a168b41bd50214') in 0.498122 seconds 
  Import took 0.502487 seconds .

========================================================================
Received Import Request.
  Time since last request: 118.355312 seconds.
  path: Assets/Cartoon_Texture_Pack/ROOF/ROOF_RoundTile_Flat/Textures/Roof_RoundTile_Flat_Basecolor_A.png
  artifactKey: Guid(25878c95eeda67d479ce9e8e7d73ba84) Importer(815301076,1909f56bfc062723c751e8b465ee728b)
Start importing Assets/Cartoon_Texture_Pack/ROOF/ROOF_RoundTile_Flat/Textures/Roof_RoundTile_Flat_Basecolor_A.png using Guid(25878c95eeda67d479ce9e8e7d73ba84) Importer(815301076,1909f56bfc062723c751e8b465ee728b)  -> (artifact id: 'da2a63a5dbc7f749d3e4ba122a2cd943') in 0.092333 seconds 
  Import took 0.096251 seconds .

========================================================================
Received Import Request.
  Time since last request: 0.000337 seconds.
  path: Assets/Cartoon_Texture_Pack/ROOF/ROOF_SquareTile_Bump/Textures/Roof_SquareTile_Bump_Basecolor_B.png
  artifactKey: Guid(39855a9a7b0bc194b8a95378d79e63d8) Importer(815301076,1909f56bfc062723c751e8b465ee728b)
Start importing Assets/Cartoon_Texture_Pack/ROOF/ROOF_SquareTile_Bump/Textures/Roof_SquareTile_Bump_Basecolor_B.png using Guid(39855a9a7b0bc194b8a95378d79e63d8) Importer(815301076,1909f56bfc062723c751e8b465ee728b)  -> (artifact id: '5ff87c482b76d65661093fc9e8e55b45') in 0.090764 seconds 
  Import took 0.093590 seconds .

========================================================================
Received Import Request.
  Time since last request: 0.000250 seconds.
  path: Assets/Cartoon_Texture_Pack/ROOF/ROOF_RoundTile_Flat/Textures/Roof_RoundTile_Flat_Normal.png
  artifactKey: Guid(876313bf09f5f0749a01896d80d35a7d) Importer(815301076,1909f56bfc062723c751e8b465ee728b)
Start importing Assets/Cartoon_Texture_Pack/ROOF/ROOF_RoundTile_Flat/Textures/Roof_RoundTile_Flat_Normal.png using Guid(876313bf09f5f0749a01896d80d35a7d) Importer(815301076,1909f56bfc062723c751e8b465ee728b)  -> (artifact id: '7d96da38d2c3d084f704e957d8e001b4') in 0.092406 seconds 
  Import took 0.096233 seconds .

========================================================================
Received Import Request.
  Time since last request: 0.000200 seconds.
  path: Assets/Cartoon_Texture_Pack/ROOF/ROOF_RoundTile_Flat/Textures/Roof_RoundTile_Flat_Basecolor_C.png
  artifactKey: Guid(4acc9eb9fa7cdaf4381e34abf427bfb8) Importer(815301076,1909f56bfc062723c751e8b465ee728b)
Start importing Assets/Cartoon_Texture_Pack/ROOF/ROOF_RoundTile_Flat/Textures/Roof_RoundTile_Flat_Basecolor_C.png using Guid(4acc9eb9fa7cdaf4381e34abf427bfb8) Importer(815301076,1909f56bfc062723c751e8b465ee728b)  -> (artifact id: '73de29d69658a14bb6036a9bdc3b4b07') in 0.082438 seconds 
  Import took 0.086205 seconds .

========================================================================
Received Import Request.
  Time since last request: 0.000230 seconds.
  path: Assets/Cartoon_Texture_Pack/ROOF/ROOF_RoundTile_Flat/Textures/Roof_RoundTile_Flat_Basecolor_B.png
  artifactKey: Guid(4413af4927499674d8020b87895b3fe2) Importer(815301076,1909f56bfc062723c751e8b465ee728b)
Start importing Assets/Cartoon_Texture_Pack/ROOF/ROOF_RoundTile_Flat/Textures/Roof_RoundTile_Flat_Basecolor_B.png using Guid(4413af4927499674d8020b87895b3fe2) Importer(815301076,1909f56bfc062723c751e8b465ee728b)  -> (artifact id: '986bb73c33c02d43771dee4a261c8a3f') in 0.085107 seconds 
  Import took 0.089305 seconds .

========================================================================
Received Import Request.
  Time since last request: 0.000253 seconds.
  path: Assets/Cartoon_Texture_Pack/ROOF/ROOF_RoundTile_Flat/Textures/Roof_RoundTile_Flat_Metallic.png
  artifactKey: Guid(0b55e14ac03b65a4a9bb7e82ac54f1af) Importer(815301076,1909f56bfc062723c751e8b465ee728b)
Start importing Assets/Cartoon_Texture_Pack/ROOF/ROOF_RoundTile_Flat/Textures/Roof_RoundTile_Flat_Metallic.png using Guid(0b55e14ac03b65a4a9bb7e82ac54f1af) Importer(815301076,1909f56bfc062723c751e8b465ee728b)  -> (artifact id: 'a6a87e1125c31a7864817fab0be36b73') in 0.094587 seconds 
  Import took 0.099759 seconds .

========================================================================
Received Import Request.
  Time since last request: 0.000213 seconds.
  path: Assets/Cartoon_Texture_Pack/ROOF/ROOF_SquareTile_Bump/Textures/Roof_SquareTile_Bump_AO.png
  artifactKey: Guid(8d14a0e0b1a6eb44596a089c29aeb8c5) Importer(815301076,1909f56bfc062723c751e8b465ee728b)
Start importing Assets/Cartoon_Texture_Pack/ROOF/ROOF_SquareTile_Bump/Textures/Roof_SquareTile_Bump_AO.png using Guid(8d14a0e0b1a6eb44596a089c29aeb8c5) Importer(815301076,1909f56bfc062723c751e8b465ee728b)  -> (artifact id: '03f3fdecab6abf5491f6fdcc293a2268') in 0.082791 seconds 
  Import took 0.086832 seconds .

========================================================================
Received Import Request.
  Time since last request: 0.000237 seconds.
  path: Assets/Cartoon_Texture_Pack/ROOF/ROOF_RoundTile_Flat/Textures/Roof_RoundTile_Flat_Basecolor_D.png
  artifactKey: Guid(1c29f78fe9b174849a2f49f0bf47b3a0) Importer(815301076,1909f56bfc062723c751e8b465ee728b)
Start importing Assets/Cartoon_Texture_Pack/ROOF/ROOF_RoundTile_Flat/Textures/Roof_RoundTile_Flat_Basecolor_D.png using Guid(1c29f78fe9b174849a2f49f0bf47b3a0) Importer(815301076,1909f56bfc062723c751e8b465ee728b)  -> (artifact id: '3b6696b06512183cdee7878dce677d22') in 0.079248 seconds 
  Import took 0.082626 seconds .

========================================================================
Received Import Request.
  Time since last request: 0.000221 seconds.
  path: Assets/Cartoon_Texture_Pack/ROOF/ROOF_SquareTile_Bump/Textures/Roof_SquareTile_Bump_Basecolor_C.png
  artifactKey: Guid(bb3756d9ffa8bee4d97fba1750c4d0b5) Importer(815301076,1909f56bfc062723c751e8b465ee728b)
Start importing Assets/Cartoon_Texture_Pack/ROOF/ROOF_SquareTile_Bump/Textures/Roof_SquareTile_Bump_Basecolor_C.png using Guid(bb3756d9ffa8bee4d97fba1750c4d0b5) Importer(815301076,1909f56bfc062723c751e8b465ee728b)  -> (artifact id: '72208fe6792933f3534955fb823578a0') in 0.078273 seconds 
  Import took 0.081246 seconds .

========================================================================
Received Import Request.
  Time since last request: 0.000199 seconds.
  path: Assets/Cartoon_Texture_Pack/ROOF/ROOF_SquareTile_Bump/Textures/Roof_SquareTile_Bump_Basecolor_A.png
  artifactKey: Guid(f2f20388f2c647341af6c7648bde0eef) Importer(815301076,1909f56bfc062723c751e8b465ee728b)
Start importing Assets/Cartoon_Texture_Pack/ROOF/ROOF_SquareTile_Bump/Textures/Roof_SquareTile_Bump_Basecolor_A.png using Guid(f2f20388f2c647341af6c7648bde0eef) Importer(815301076,1909f56bfc062723c751e8b465ee728b)  -> (artifact id: '49a8b99cfff19ea64edfc06c131c8717') in 0.082516 seconds 
  Import took 0.085756 seconds .

========================================================================
Received Import Request.
  Time since last request: 0.000199 seconds.
  path: Assets/Cartoon_Texture_Pack/ROOF/ROOF_RoundTile_Flat/Textures/Roof_RoundTile_Flat_Height.png
  artifactKey: Guid(0762e2c1067e06d468ede8eac1796626) Importer(815301076,1909f56bfc062723c751e8b465ee728b)
Start importing Assets/Cartoon_Texture_Pack/ROOF/ROOF_RoundTile_Flat/Textures/Roof_RoundTile_Flat_Height.png using Guid(0762e2c1067e06d468ede8eac1796626) Importer(815301076,1909f56bfc062723c751e8b465ee728b)  -> (artifact id: 'be17cd1c1608021d720c18ee9f43f5c6') in 0.066869 seconds 
  Import took 0.069961 seconds .

========================================================================
Received Import Request.
  Time since last request: 1069.636793 seconds.
  path: Assets/Cartoon_Texture_Pack/ROOF/ROOF_RoundTile_Flat/Materials/Roof_RoundTile_Flat_A.mat
  artifactKey: Guid(b43f3882888509942afbbf97bc376413) Importer(815301076,1909f56bfc062723c751e8b465ee728b)
Start importing Assets/Cartoon_Texture_Pack/ROOF/ROOF_RoundTile_Flat/Materials/Roof_RoundTile_Flat_A.mat using Guid(b43f3882888509942afbbf97bc376413) Importer(815301076,1909f56bfc062723c751e8b465ee728b)  -> (artifact id: '61cae55e4e8f3a80b653b72724d23519') in 0.432025 seconds 
  Import took 0.436862 seconds .

========================================================================
Received Prepare
Registering precompiled user dll's ...
Registered in 0.006410 seconds.
Begin MonoManager ReloadAssembly
Native extension for WindowsStandalone target not found
Native extension for WebGL target not found
Refreshing native plugins compatible for Editor in 0.91 ms, found 5 plugins.
Preloading 0 native plugins for Editor in 0.00 ms.
Mono: successfully reloaded assembly
- Completed reload, in  1.502 seconds
Domain Reload Profiling:
	ReloadAssembly (1504ms)
		BeginReloadAssembly (279ms)
			ExecutionOrderSort (0ms)
			DisableScriptedObjects (14ms)
			BackupInstance (0ms)
			ReleaseScriptingObjects (0ms)
			CreateAndSetChildDomain (124ms)
		EndReloadAssembly (1105ms)
			LoadAssemblies (254ms)
			RebuildTransferFunctionScriptingTraits (0ms)
			SetupTypeCache (359ms)
			ReleaseScriptCaches (1ms)
			RebuildScriptCaches (32ms)
			SetupLoadedEditorAssemblies (295ms)
				LogAssemblyErrors (0ms)
				InitializePlatformSupportModulesInManaged (27ms)
				SetLoadedEditorAssemblies (1ms)
				RefreshPlugins (1ms)
				BeforeProcessingInitializeOnLoad (151ms)
				ProcessInitializeOnLoadAttributes (104ms)
				ProcessInitializeOnLoadMethodAttributes (4ms)
				AfterProcessingInitializeOnLoad (8ms)
				EditorAssembliesLoaded (0ms)
			ExecutionOrderSort2 (0ms)
			AwakeInstancesAfterBackupRestoration (7ms)
Platform modules already initialized, skipping
Switching build target platform(19) subTarget(0) extendedPlatform(0) -> platform(13) subTarget(537395200) extendedPlatform(0)
Refreshing native plugins compatible for Editor in 0.93 ms, found 5 plugins.
Preloading 0 native plugins for Editor in 0.00 ms.
Unloading 1925 Unused Serialized files (Serialized files now loaded: 0)
System memory in use before: 89.2 MB.
System memory in use after: 88.5 MB.

Unloading 27 unused Assets to reduce memory usage. Loaded Objects now: 2401.
Total: 3.214300 ms (FindLiveObjects: 0.221900 ms CreateObjectMapping: 0.088200 ms MarkObjects: 2.323600 ms  DeleteObjects: 0.579800 ms)

AssetImportParameters requested are different than current active one (requested -> active):
  custom:framework-win-MediaFoundation: 216162199b28c13a410421893ffa2e32 -> 
  custom:video-decoder-ogg-theora: a1e56fd34408186e4bbccfd4996cb3dc -> 
  custom:container-muxer-webm: aa71ff27fc2769a1b78a27578f13a17b -> 
  custom:container-demuxer-webm: 4f35f7cbe854078d1ac9338744f61a02 -> 
  custom:container-demuxer-ogg: 62fdf1f143b41e24485cea50d1cbac27 -> 
  custom:video-encoder-webm-vp8: eb34c28f22e8b96e1ab97ce403110664 -> 
  custom:video-decoder-webm-vp8: 9c59270c3fd7afecdb556c50c9e8de78 -> 
  custom:graphics/normal-map-encoding: 01000000000000000000000000000000 -> 02000000000000000000000000000000
  custom:audio-decoder-ogg-vorbis: bf7c407c2cedff20999df2af8eb42d56 -> 
  custom:audio-encoder-webm-vorbis: bf7c407c2cedff20999df2af8eb42d56 -> 
AssetImportWorkerClient::OnTransportError - code=2 error=End of file
